d:\baiduyundownload\仿topwnd\hookdll\debug\hookdll.pch
d:\baiduyundownload\仿topwnd\hookdll\debug\vc140.pdb
d:\baiduyundownload\仿topwnd\hookdll\debug\vc140.idb
d:\baiduyundownload\仿topwnd\hookdll\debug\stdafx.obj
d:\baiduyundownload\仿topwnd\hookdll\debug\hookdll.obj
d:\baiduyundownload\仿topwnd\debug\hookdll.lib
d:\baiduyundownload\仿topwnd\debug\hookdll.exp
d:\baiduyundownload\仿topwnd\debug\hookdll.ilk
d:\baiduyundownload\仿topwnd\debug\hookdll.dll
d:\baiduyundownload\仿topwnd\debug\hookdll.pdb
d:\baiduyundownload\仿topwnd\hookdll\debug\hookdll.res
d:\baiduyundownload\仿topwnd\hookdll\debug\hookdll.tlog\cl.command.1.tlog
d:\baiduyundownload\仿topwnd\hookdll\debug\hookdll.tlog\cl.read.1.tlog
d:\baiduyundownload\仿topwnd\hookdll\debug\hookdll.tlog\cl.write.1.tlog
d:\baiduyundownload\仿topwnd\hookdll\debug\hookdll.tlog\hookdll.write.1u.tlog
d:\baiduyundownload\仿topwnd\hookdll\debug\hookdll.tlog\link.command.1.tlog
d:\baiduyundownload\仿topwnd\hookdll\debug\hookdll.tlog\link.read.1.tlog
d:\baiduyundownload\仿topwnd\hookdll\debug\hookdll.tlog\link.write.1.tlog
d:\baiduyundownload\仿topwnd\hookdll\debug\hookdll.tlog\rc.command.1.tlog
d:\baiduyundownload\仿topwnd\hookdll\debug\hookdll.tlog\rc.read.1.tlog
d:\baiduyundownload\仿topwnd\hookdll\debug\hookdll.tlog\rc.write.1.tlog
